<?xml version="1.0" encoding="UTF-8"?>
<!-- Generated by org.testng.reporters.JUnitReportReporter -->
<testsuite hostname="DESKTOP-U3O82I7" failures="0" tests="2" name="com.Kite.TestClass.TC_01_LoginFunctionality" time="27.831" errors="0" timestamp="2022-04-13T08:03:49 IST" skipped="0">
  <testcase classname="com.Kite.TestClass.TC_01_LoginFunctionality" name="validateLoginFuncyionality" time="17.418"/>
  <system-out/>
  <testcase classname="com.Kite.TestClass.TC_01_LoginFunctionality" name="validateTFAFunctionality" time="10.413"/>
  <system-out/>
</testsuite> <!-- com.Kite.TestClass.TC_01_LoginFunctionality -->
